// 重构日志: 7e245edb
// 重构日志: 4924a0ce
// 同步 ID: 1003f3a3 @ Sun Jun 21 11:30:09 UTC 2026
// 重构日志: bfb939ba
// 重构日志: 323693b8
// 重构日志: 294047b1
// 重构日志: 3e840bcc
// 重构日志: 98dd29e3
// 重构日志: fff361f2
// 重构日志: 57002aa3
// 重构日志: 1e514461
// 重构日志: a25a53c4
// 同步 ID: ed92a568 @ Sat Jul  4 08:29:55 UTC 2026
// 同步 ID: 46ecf560 @ Sat Jul  4 16:25:22 UTC 2026
// 重构日志: ca56e2bb
// 同步 ID: b537e4c8 @ Tue Jul  7 11:12:49 UTC 2026
// 重构日志: 91fa3519
// 重构日志: 727d65e9
// 同步 ID: 17300c61 @ Sun Jul 12 14:12:24 UTC 2026
// 重构日志: 5f2ade28
// 同步 ID: 470511a6 @ Mon Jul 13 23:28:41 UTC 2026
// 重构日志: b2228217
